2021-01-09 17:33:44 下午 [Thread: main][ Class:org.apache.hadoop.util.NativeCodeLoader >> Method: org.apache.hadoop.util.NativeCodeLoader.<clinit>(NativeCodeLoader.java:62) ]
WARN:Unable to load native-hadoop library for your platform... using builtin-java classes where applicable
2021-01-09 17:33:46 下午 [Thread: main][ Class:org.apache.hadoop.mapreduce.JobSubmitter >> Method: org.apache.hadoop.mapreduce.JobSubmitter.copyAndConfigureFiles(JobSubmitter.java:153) ]
WARN:Hadoop command-line option parsing not performed. Implement the Tool interface and execute your application with ToolRunner to remedy this.
2021-01-09 17:33:46 下午 [Thread: main][ Class:org.apache.hadoop.mapreduce.JobSubmitter >> Method: org.apache.hadoop.mapreduce.JobSubmitter.copyAndConfigureFiles(JobSubmitter.java:261) ]
WARN:No job jar file set.  User classes may not be found. See Job or Job#setJar(String).
2021-01-09 17:33:47 下午 [Thread: Thread-11][ Class:org.apache.hadoop.mapreduce.lib.output.FileOutputCommitter >> Method: org.apache.hadoop.mapreduce.lib.output.FileOutputCommitter.setupJob(FileOutputCommitter.java:295) ]
WARN:Output Path is null in setupJob()
2021-01-09 17:33:48 下午 [Thread: Thread-11][ Class:org.apache.hadoop.mapreduce.lib.output.FileOutputCommitter >> Method: org.apache.hadoop.mapreduce.lib.output.FileOutputCommitter.commitJob(FileOutputCommitter.java:322) ]
WARN:Output Path is null in commitJob()
2021-01-09 17:37:41 下午 [Thread: main][ Class:org.apache.hadoop.util.NativeCodeLoader >> Method: org.apache.hadoop.util.NativeCodeLoader.<clinit>(NativeCodeLoader.java:62) ]
WARN:Unable to load native-hadoop library for your platform... using builtin-java classes where applicable
2021-01-09 17:37:42 下午 [Thread: main][ Class:org.apache.hadoop.mapreduce.JobSubmitter >> Method: org.apache.hadoop.mapreduce.JobSubmitter.copyAndConfigureFiles(JobSubmitter.java:153) ]
WARN:Hadoop command-line option parsing not performed. Implement the Tool interface and execute your application with ToolRunner to remedy this.
2021-01-09 17:37:42 下午 [Thread: main][ Class:org.apache.hadoop.mapreduce.JobSubmitter >> Method: org.apache.hadoop.mapreduce.JobSubmitter.copyAndConfigureFiles(JobSubmitter.java:261) ]
WARN:No job jar file set.  User classes may not be found. See Job or Job#setJar(String).
2021-01-09 17:37:43 下午 [Thread: Thread-11][ Class:org.apache.hadoop.mapreduce.lib.output.FileOutputCommitter >> Method: org.apache.hadoop.mapreduce.lib.output.FileOutputCommitter.setupJob(FileOutputCommitter.java:295) ]
WARN:Output Path is null in setupJob()
2021-01-09 17:37:44 下午 [Thread: Thread-11][ Class:org.apache.hadoop.mapreduce.lib.output.FileOutputCommitter >> Method: org.apache.hadoop.mapreduce.lib.output.FileOutputCommitter.commitJob(FileOutputCommitter.java:322) ]
WARN:Output Path is null in commitJob()
2021-01-09 17:37:48 下午 [Thread: main][ Class:org.apache.hadoop.util.NativeCodeLoader >> Method: org.apache.hadoop.util.NativeCodeLoader.<clinit>(NativeCodeLoader.java:62) ]
WARN:Unable to load native-hadoop library for your platform... using builtin-java classes where applicable
2021-01-09 17:37:49 下午 [Thread: main][ Class:org.apache.hadoop.mapreduce.JobSubmitter >> Method: org.apache.hadoop.mapreduce.JobSubmitter.copyAndConfigureFiles(JobSubmitter.java:153) ]
WARN:Hadoop command-line option parsing not performed. Implement the Tool interface and execute your application with ToolRunner to remedy this.
2021-01-09 17:37:49 下午 [Thread: main][ Class:org.apache.hadoop.mapreduce.JobSubmitter >> Method: org.apache.hadoop.mapreduce.JobSubmitter.copyAndConfigureFiles(JobSubmitter.java:261) ]
WARN:No job jar file set.  User classes may not be found. See Job or Job#setJar(String).
2021-01-09 17:37:50 下午 [Thread: Thread-11][ Class:org.apache.hadoop.mapreduce.lib.output.FileOutputCommitter >> Method: org.apache.hadoop.mapreduce.lib.output.FileOutputCommitter.setupJob(FileOutputCommitter.java:295) ]
WARN:Output Path is null in setupJob()
2021-01-09 17:37:50 下午 [Thread: Thread-11][ Class:org.apache.hadoop.mapreduce.lib.output.FileOutputCommitter >> Method: org.apache.hadoop.mapreduce.lib.output.FileOutputCommitter.commitJob(FileOutputCommitter.java:322) ]
WARN:Output Path is null in commitJob()
2021-01-09 17:37:56 下午 [Thread: main][ Class:org.apache.hadoop.util.NativeCodeLoader >> Method: org.apache.hadoop.util.NativeCodeLoader.<clinit>(NativeCodeLoader.java:62) ]
WARN:Unable to load native-hadoop library for your platform... using builtin-java classes where applicable
2021-01-09 17:37:57 下午 [Thread: main][ Class:org.apache.hadoop.mapreduce.JobSubmitter >> Method: org.apache.hadoop.mapreduce.JobSubmitter.copyAndConfigureFiles(JobSubmitter.java:153) ]
WARN:Hadoop command-line option parsing not performed. Implement the Tool interface and execute your application with ToolRunner to remedy this.
2021-01-09 17:37:57 下午 [Thread: main][ Class:org.apache.hadoop.mapreduce.JobSubmitter >> Method: org.apache.hadoop.mapreduce.JobSubmitter.copyAndConfigureFiles(JobSubmitter.java:261) ]
WARN:No job jar file set.  User classes may not be found. See Job or Job#setJar(String).
2021-01-09 17:37:57 下午 [Thread: Thread-11][ Class:org.apache.hadoop.mapreduce.lib.output.FileOutputCommitter >> Method: org.apache.hadoop.mapreduce.lib.output.FileOutputCommitter.setupJob(FileOutputCommitter.java:295) ]
WARN:Output Path is null in setupJob()
2021-01-09 17:37:58 下午 [Thread: Thread-11][ Class:org.apache.hadoop.mapreduce.lib.output.FileOutputCommitter >> Method: org.apache.hadoop.mapreduce.lib.output.FileOutputCommitter.commitJob(FileOutputCommitter.java:322) ]
WARN:Output Path is null in commitJob()
2021-01-09 17:38:02 下午 [Thread: main][ Class:org.apache.hadoop.util.NativeCodeLoader >> Method: org.apache.hadoop.util.NativeCodeLoader.<clinit>(NativeCodeLoader.java:62) ]
WARN:Unable to load native-hadoop library for your platform... using builtin-java classes where applicable
2021-01-09 17:38:02 下午 [Thread: main][ Class:org.apache.hadoop.mapreduce.JobSubmitter >> Method: org.apache.hadoop.mapreduce.JobSubmitter.copyAndConfigureFiles(JobSubmitter.java:153) ]
WARN:Hadoop command-line option parsing not performed. Implement the Tool interface and execute your application with ToolRunner to remedy this.
2021-01-09 17:38:02 下午 [Thread: main][ Class:org.apache.hadoop.mapreduce.JobSubmitter >> Method: org.apache.hadoop.mapreduce.JobSubmitter.copyAndConfigureFiles(JobSubmitter.java:261) ]
WARN:No job jar file set.  User classes may not be found. See Job or Job#setJar(String).
2021-01-09 17:38:03 下午 [Thread: Thread-11][ Class:org.apache.hadoop.mapreduce.lib.output.FileOutputCommitter >> Method: org.apache.hadoop.mapreduce.lib.output.FileOutputCommitter.setupJob(FileOutputCommitter.java:295) ]
WARN:Output Path is null in setupJob()
2021-01-09 17:38:04 下午 [Thread: Thread-11][ Class:org.apache.hadoop.mapreduce.lib.output.FileOutputCommitter >> Method: org.apache.hadoop.mapreduce.lib.output.FileOutputCommitter.commitJob(FileOutputCommitter.java:322) ]
WARN:Output Path is null in commitJob()
2021-01-09 21:34:09 下午 [Thread: main][ Class:org.apache.hadoop.util.NativeCodeLoader >> Method: org.apache.hadoop.util.NativeCodeLoader.<clinit>(NativeCodeLoader.java:62) ]
WARN:Unable to load native-hadoop library for your platform... using builtin-java classes where applicable
2021-01-09 21:34:10 下午 [Thread: main][ Class:org.apache.hadoop.mapreduce.JobSubmitter >> Method: org.apache.hadoop.mapreduce.JobSubmitter.copyAndConfigureFiles(JobSubmitter.java:153) ]
WARN:Hadoop command-line option parsing not performed. Implement the Tool interface and execute your application with ToolRunner to remedy this.
2021-01-09 21:34:10 下午 [Thread: main][ Class:org.apache.hadoop.mapreduce.JobSubmitter >> Method: org.apache.hadoop.mapreduce.JobSubmitter.copyAndConfigureFiles(JobSubmitter.java:261) ]
WARN:No job jar file set.  User classes may not be found. See Job or Job#setJar(String).
2021-01-09 21:34:11 下午 [Thread: Thread-11][ Class:org.apache.hadoop.mapreduce.lib.output.FileOutputCommitter >> Method: org.apache.hadoop.mapreduce.lib.output.FileOutputCommitter.setupJob(FileOutputCommitter.java:295) ]
WARN:Output Path is null in setupJob()
2021-01-09 21:34:12 下午 [Thread: Thread-11][ Class:org.apache.hadoop.mapreduce.lib.output.FileOutputCommitter >> Method: org.apache.hadoop.mapreduce.lib.output.FileOutputCommitter.commitJob(FileOutputCommitter.java:322) ]
WARN:Output Path is null in commitJob()
2021-01-09 21:35:04 下午 [Thread: main][ Class:org.apache.hadoop.util.NativeCodeLoader >> Method: org.apache.hadoop.util.NativeCodeLoader.<clinit>(NativeCodeLoader.java:62) ]
WARN:Unable to load native-hadoop library for your platform... using builtin-java classes where applicable
2021-01-09 21:35:05 下午 [Thread: main][ Class:org.apache.hadoop.mapreduce.JobSubmitter >> Method: org.apache.hadoop.mapreduce.JobSubmitter.copyAndConfigureFiles(JobSubmitter.java:153) ]
WARN:Hadoop command-line option parsing not performed. Implement the Tool interface and execute your application with ToolRunner to remedy this.
2021-01-09 21:35:05 下午 [Thread: main][ Class:org.apache.hadoop.mapreduce.JobSubmitter >> Method: org.apache.hadoop.mapreduce.JobSubmitter.copyAndConfigureFiles(JobSubmitter.java:261) ]
WARN:No job jar file set.  User classes may not be found. See Job or Job#setJar(String).
2021-01-09 21:35:06 下午 [Thread: Thread-11][ Class:org.apache.hadoop.mapreduce.lib.output.FileOutputCommitter >> Method: org.apache.hadoop.mapreduce.lib.output.FileOutputCommitter.setupJob(FileOutputCommitter.java:295) ]
WARN:Output Path is null in setupJob()
2021-01-09 21:35:07 下午 [Thread: Thread-11][ Class:org.apache.hadoop.mapreduce.lib.output.FileOutputCommitter >> Method: org.apache.hadoop.mapreduce.lib.output.FileOutputCommitter.commitJob(FileOutputCommitter.java:322) ]
WARN:Output Path is null in commitJob()
2021-01-09 21:35:33 下午 [Thread: main][ Class:org.apache.hadoop.util.NativeCodeLoader >> Method: org.apache.hadoop.util.NativeCodeLoader.<clinit>(NativeCodeLoader.java:62) ]
WARN:Unable to load native-hadoop library for your platform... using builtin-java classes where applicable
2021-01-09 21:35:34 下午 [Thread: main][ Class:org.apache.hadoop.mapreduce.JobSubmitter >> Method: org.apache.hadoop.mapreduce.JobSubmitter.copyAndConfigureFiles(JobSubmitter.java:153) ]
WARN:Hadoop command-line option parsing not performed. Implement the Tool interface and execute your application with ToolRunner to remedy this.
2021-01-09 21:35:34 下午 [Thread: main][ Class:org.apache.hadoop.mapreduce.JobSubmitter >> Method: org.apache.hadoop.mapreduce.JobSubmitter.copyAndConfigureFiles(JobSubmitter.java:261) ]
WARN:No job jar file set.  User classes may not be found. See Job or Job#setJar(String).
2021-01-09 21:35:35 下午 [Thread: Thread-11][ Class:org.apache.hadoop.mapreduce.lib.output.FileOutputCommitter >> Method: org.apache.hadoop.mapreduce.lib.output.FileOutputCommitter.setupJob(FileOutputCommitter.java:295) ]
WARN:Output Path is null in setupJob()
2021-01-09 21:35:35 下午 [Thread: Thread-11][ Class:org.apache.hadoop.mapreduce.lib.output.FileOutputCommitter >> Method: org.apache.hadoop.mapreduce.lib.output.FileOutputCommitter.commitJob(FileOutputCommitter.java:322) ]
WARN:Output Path is null in commitJob()
2021-01-09 21:35:54 下午 [Thread: main][ Class:org.apache.hadoop.util.NativeCodeLoader >> Method: org.apache.hadoop.util.NativeCodeLoader.<clinit>(NativeCodeLoader.java:62) ]
WARN:Unable to load native-hadoop library for your platform... using builtin-java classes where applicable
2021-01-09 21:35:55 下午 [Thread: main][ Class:org.apache.hadoop.mapreduce.JobSubmitter >> Method: org.apache.hadoop.mapreduce.JobSubmitter.copyAndConfigureFiles(JobSubmitter.java:153) ]
WARN:Hadoop command-line option parsing not performed. Implement the Tool interface and execute your application with ToolRunner to remedy this.
2021-01-09 21:35:55 下午 [Thread: main][ Class:org.apache.hadoop.mapreduce.JobSubmitter >> Method: org.apache.hadoop.mapreduce.JobSubmitter.copyAndConfigureFiles(JobSubmitter.java:261) ]
WARN:No job jar file set.  User classes may not be found. See Job or Job#setJar(String).
2021-01-09 21:35:55 下午 [Thread: Thread-11][ Class:org.apache.hadoop.mapreduce.lib.output.FileOutputCommitter >> Method: org.apache.hadoop.mapreduce.lib.output.FileOutputCommitter.setupJob(FileOutputCommitter.java:295) ]
WARN:Output Path is null in setupJob()
2021-01-09 21:35:56 下午 [Thread: Thread-11][ Class:org.apache.hadoop.mapreduce.lib.output.FileOutputCommitter >> Method: org.apache.hadoop.mapreduce.lib.output.FileOutputCommitter.commitJob(FileOutputCommitter.java:322) ]
WARN:Output Path is null in commitJob()
